
--- NEW SESSION: 03/06/2024 12:41:48 ---
/body/planarConstraint.showObject = 0

--- NEW SESSION: 28/06/2024 09:13:59 ---
/body/planarConstraint.indices = 4 7 0 0
/body/planarConstraint.showObject = 1

--- NEW SESSION: 06/02/2025 16:38:15 ---
/body/centerline_roi.drawBoxes = 0
/body/leftHalf_roi.drawBoxes = 0
/body/rightHalf_roi.drawBoxes = 0
/body/couple0_roi.drawBoxes = 0
/body/couple1_roi.drawBoxes = 0
/body/couple2_roi.drawBoxes = 0
/body/planarConstraint.showObject = 0

--- NEW SESSION: 07/02/2025 21:12:57 ---
/body/centerline_roi.drawBoxes = 0
/body/leftHalf_roi.drawBoxes = 0
/body/rightHalf_roi.drawBoxes = 0
/body/couple0_roi.drawBoxes = 0
/body/couple1_roi.drawBoxes = 0
/body/couple2_roi.drawBoxes = 0
/body/planarConstraint.showObject = 0

--- NEW SESSION: 08/02/2025 11:29:11 ---
/body/centerline_roi.drawBoxes = 0
/body/couple2_roi.drawBoxes = 0
/body/couple1_roi.drawBoxes = 0
/body/couple0_roi.drawBoxes = 0
/body/rightHalf_roi.drawBoxes = 0
/body/leftHalf_roi.drawBoxes = 0
/body/planarConstraint.showObject = 0

--- NEW SESSION: 08/02/2025 17:51:18 ---
/body/planarConstraint.showObject = 0
/body/couple2_roi.drawBoxes = 0
/body/couple1_roi.drawBoxes = 0
/body/couple0_roi.drawBoxes = 0
/body/rightHalf_roi.drawBoxes = 0
/body/leftHalf_roi.drawBoxes = 0
/body/centerline_roi.drawBoxes = 0

--- NEW SESSION: 09/02/2025 10:36:02 ---
/body/planarConstraint.showObject = 0
/body/couple2_roi.drawBoxes = 0
/body/couple1_roi.drawBoxes = 0
/body/couple0_roi.drawBoxes = 0
/body/rightHalf_roi.drawBoxes = 0
/body/leftHalf_roi.drawBoxes = 0
/body/centerline_roi.drawBoxes = 0

--- NEW SESSION: 09/02/2025 16:27:21 ---
/body/planarConstraint.showObject = 0
/body/couple2_roi.drawBoxes = 0
/body/couple1_roi.drawBoxes = 0
/body/couple0_roi.drawBoxes = 0
/body/rightHalf_roi.drawBoxes = 0
/body/centerline_roi.drawBoxes = 0
/body/leftHalf_roi.drawBoxes = 0

--- NEW SESSION: 10/02/2025 01:14:35 ---
/body/planarConstraint.showObject = 0
/body/couple2_roi.drawBoxes = 0
/body/couple1_roi.drawBoxes = 0
/body/couple0_roi.drawBoxes = 0
/body/rightHalf_roi.drawBoxes = 0
/body/leftHalf_roi.drawBoxes = 0
/body/centerline_roi.drawBoxes = 0

--- NEW SESSION: 10/02/2025 14:37:23 ---
/body/planarConstraint.showObject = 0
/body/couple2_roi.drawBoxes = 0
/body/couple1_roi.drawBoxes = 0
/body/couple0_roi.drawBoxes = 0
/body/rightHalf_roi.drawBoxes = 0
/body/leftHalf_roi.drawBoxes = 0
/body/centerline_roi.drawBoxes = 0

--- NEW SESSION: 10/02/2025 21:33:01 ---
/body/planarConstraint.showObject = 0
/body/couple2_roi.drawBoxes = 0
/body/couple1_roi.drawBoxes = 0
/body/couple0_roi.drawBoxes = 0
/body/rightHalf_roi.drawBoxes = 0
/body/leftHalf_roi.drawBoxes = 0
/body/centerline_roi.drawBoxes = 0

--- NEW SESSION: 11/02/2025 09:47:39 ---
/body/planarConstraint.showObject = 0
/body/couple2_roi.drawBoxes = 0
/body/couple1_roi.drawBoxes = 0
/body/couple0_roi.drawBoxes = 0
/body/rightHalf_roi.drawBoxes = 0
/body/leftHalf_roi.drawBoxes = 0
/body/centerline_roi.drawBoxes = 0

--- NEW SESSION: 11/02/2025 15:18:14 ---
/body/planarConstraint.showObject = 0
/body/couple2_roi.drawBoxes = 0
/body/couple1_roi.drawBoxes = 0
/body/couple0_roi.drawBoxes = 0
/body/rightHalf_roi.drawBoxes = 0
/body/leftHalf_roi.drawBoxes = 0
/body/centerline_roi.drawBoxes = 0

--- NEW SESSION: 11/02/2025 15:47:59 ---
/body/planarConstraint.showObject = 0
/body/couple2_roi.drawBoxes = 0
/body/couple1_roi.drawBoxes = 0
/body/couple0_roi.drawBoxes = 0
/body/rightHalf_roi.drawBoxes = 0
/body/leftHalf_roi.drawBoxes = 0
/body/centerline_roi.drawBoxes = 0

--- NEW SESSION: 11/02/2025 16:15:29 ---
/body/planarConstraint.showObject = 0
/body/couple2_roi.drawBoxes = 0
/body/couple0_roi.drawBoxes = 0
/body/couple1_roi.drawBoxes = 0
/body/rightHalf_roi.drawBoxes = 0
/body/leftHalf_roi.drawBoxes = 0
/body/centerline_roi.drawBoxes = 0
