
--- NEW SESSION: 11/07/2023 20:46:10 ---
/couple1/state.showIndices = 1
/couple1/state.showIndicesScale = 0.001
/couple1/state.showColor = 0 0 1 1

--- NEW SESSION: 11/07/2023 21:39:50 ---
/tail/state.showIndices = 1
/tail/state.showIndicesScale = 0.00025
/tail/state.showColor = 1 1 1 1
/tail/state.showVectorsScale = 0.00025
/tail/state.showColor = 0 0 1 1

--- NEW SESSION: 13/07/2023 18:42:25 ---
/segment0/state.showColor = 1 1 1 1

--- NEW SESSION: 08/09/2023 14:36:18 ---
/couple0/VisualModel/visualModel.material = Default Diffuse 1 0.8 0.8 0.8 1 Ambient 1 0.156863 0.156863 0.156863 1 Specular 0 0.8 0.8 0.8 1 Emissive 0 0.8 0.8 0.8 1 Shininess 0 45 
/couple0/VisualModel/visualModel.material = Default Diffuse 1 0.14902 0.14902 0.14902 1 Ambient 1 0 0 0 1 Specular 0 0.8 0.8 0.8 1 Emissive 0 0.8 0.8 0.8 1 Shininess 0 45 
/couple1/VisualModel/visualModel.material = Default Diffuse 1 0.14902 0.14902 0.14902 1 Ambient 0 0.156863 0.156863 0.156863 1 Specular 0 0.8 0.8 0.8 1 Emissive 0 0.8 0.8 0.8 1 Shininess 0 45 
/couple2/VisualModel/visualModel.material = Default Diffuse 1 0.14902 0.14902 0.14902 1 Ambient 0 0.156863 0.156863 0.156863 1 Specular 0 0.8 0.8 0.8 1 Emissive 0 0.8 0.8 0.8 1 Shininess 0 45 
/head/VisualModel/visualModel.material = Default Diffuse 1 0 0.423529 0 1 Ambient 1 0.0980392 0.0980392 0.0980392 1 Specular 0 0.498039 0.498039 0.498039 1 Emissive 0 0.498039 0.498039 0.498039 1 Shininess 0 45 
/head/VisualModel/visualModel.material = Default Diffuse 1 0 0.423529 0 1 Ambient 1 0.0980392 0.0980392 0.0980392 1 Specular 0 0.498039 0.498039 0.498039 1 Emissive 0 0.498039 0.498039 0.498039 1 Shininess 0 45 
/segment0/VisualModel/visualModel.material = Default Diffuse 1 0.615686 0.615686 0.615686 1 Ambient 1 0.419608 0.419608 0.419608 1 Specular 0 0.00784314 0.898039 0.0980392 1 Emissive 0 0.00784314 0.898039 0.0980392 1 Shininess 0 45 
/segment0/VisualModel/visualModel.material = Default Diffuse 1 0.615686 0.615686 0.615686 1 Ambient 1 0.419608 0.419608 0.419608 1 Specular 0 0.00784314 0.898039 0.0980392 1 Emissive 0 0.00784314 0.898039 0.0980392 1 Shininess 0 45 
/segment0/VisualModel/visualModel.material = Default Diffuse 1 0.819608 0.819608 0.819608 1 Ambient 1 0.819608 0.819608 0.819608 1 Specular 0 0.00784314 0.898039 0.0980392 1 Emissive 0 0.00784314 0.898039 0.0980392 1 Shininess 0 45 
/segment0/VisualModel/visualModel.material = Default Diffuse 1 0.564706 0.564706 0.564706 1 Ambient 1 0.564706 0.564706 0.564706 1 Specular 0 0.00784314 0.898039 0.0980392 1 Emissive 0 0.00784314 0.898039 0.0980392 1 Shininess 0 45 
/segment1/VisualModel/visualModel.material = Default Diffuse 1 0.564706 0.564706 1 1 Ambient 1 0 0 0.2 1 Specular 0 0.00784314 0 1 1 Emissive 0 0.00784314 0 1 1 Shininess 0 45 
/segment1/VisualModel/visualModel.material = Default Diffuse 1 0.564706 0.564706 0.564706 1 Ambient 1 0.564706 0.564706 0.564706 1 Specular 0 0.00784314 0 1 1 Emissive 0 0.00784314 0 1 1 Shininess 0 45 
/segment1/VisualModel/visualModel.material = Default Diffuse 1 0.00784314 0 1 1 Ambient 1 0.564706 0.564706 0.564706 1 Specular 0 0.00784314 0 1 1 Emissive 0 0.00784314 0 1 1 Shininess 0 45 
/segment1/VisualModel/visualModel.material = Default Diffuse 1 0.00784314 0 1 1 Ambient 1 0.00784314 0 1 1 Specular 0 0.00784314 0 1 1 Emissive 0 0.00784314 0 1 1 Shininess 0 45 
/segment1/VisualModel/visualModel.material = Default Diffuse 1 0.564706 0.564706 0.564706 1 Ambient 1 0.564706 0.564706 0.564706 1 Specular 0 0.00784314 0.898039 0.0980392 1 Emissive 0 0.00784314 0.898039 0.0980392 1 Shininess 0 45 
/segment1/VisualModel/visualModel.material = Default Diffuse 1 0.564706 0.564706 0.564706 1 Ambient 1 0.564706 0.564706 0.564706 1 Specular 0 0.00784314 0.898039 0.0980392 1 Emissive 0 0.00784314 0.898039 0.0980392 1 Shininess 0 45 
