
--- NEW SESSION: 08/02/2023 14:47:55 ---
/segment0/segment0State.showObject = 1
/segment0/segment0State.showIndices = 1
/segment0/segment0State.showIndicesScale = 0.001
/segment0/segment0State.showColor = 1 0 0 1
/segment1/segment1State.showObject = 1
/segment1/segment1State.showColor = 0 1 0 1
/segment1/segment1State.showIndices = 1
/segment1/segment1State.showIndicesScale = 0.001
/couple0/couple0State.showIndicesScale = 0.001
/couple0/couple0State.showObject = 1
/couple0/couple0State.showIndices = 1
/couple0/couple0State.showColor = 0.333333 0 1 1

--- NEW SESSION: 08/02/2023 15:28:36 ---
/segment0/segment0State.showColor = 1 0 0 1
/segment0/segment0State.showObject = 1
/segment0/segment0State.showIndices = 1
/segment0/segment0State.showIndicesScale = 0.001
/segment1/segment1State.showObject = 1
/segment1/segment1State.showColor = 1 1 1 1
/segment1/segment1State.showIndices = 1
/segment1/segment1State.showIndicesScale = 0.001
/segment1/segment1State.showColor = 0 1 0.498039 1
/couple0/couple0State.showColor = 0.666667 0.333333 0 1
/couple0/couple0State.showObject = 1
/couple0/couple0State.showIndices = 1
/couple0/couple0State.showIndicesScale = 0.001

--- NEW SESSION: 08/02/2023 15:42:30 ---
/segment0/segment0State.showObject = 1
/segment0/segment0State.showIndices = 1
/segment0/segment0State.showIndicesScale = 0.001
/segment0/segment0State.showColor = 1 1 1 1
/couple0/couple0State.showColor = 1 1 1 1
/couple0/couple0State.showIndices = 1
/couple0/couple0State.showIndicesScale = 0.001
/couple0/couple0State.showObject = 1
/segment0/segment0State.showObject = 0
/segment0/segment0State.showIndices = 0
/segment0/segment0State.showColor = 1 1 1 1
/segment1/segment1State.showObject = 1
/segment1/segment1State.showIndices = 1
/segment1/segment1State.showColor = 1 0 0 1
/segment1/segment1State.showIndicesScale = 0.001

--- NEW SESSION: 08/02/2023 18:15:07 ---
/segment0/segment0State.showObject = 1
/segment0/segment0State.showIndices = 1
/segment0/segment0State.showIndicesScale = 0.001
/segment0/segment0State.showColor = 0.666667 0 0 1
/pump0/pump0State.showObject = 1
/pump0/pump0State.showIndicesScale = 0.001
/pump0/pump0State.showIndices = 1
/pump0/pump0State.showColor = 0 0 1 1

--- NEW SESSION: 08/02/2023 18:18:38 ---
/pump0/pump0State.showObject = 1
/pump0/pump0State.showIndices = 1
/pump0/pump0State.showIndicesScale = 0.001
/pump0/pump0State.showColor = 1 1 1 1
/pump0/pump0State.showColor = 1 0 0 1
/segment0/segment0State.showObject = 1
/segment0/segment0State.showIndices = 1
/segment0/segment0State.showIndicesScale = 0.001
/segment0/segment0State.showColor = 0 0 0 1

--- NEW SESSION: 08/02/2023 18:46:01 ---
/segment1/segment1State.showObject = 1
/segment1/segment1State.showIndices = 1
/segment1/segment1State.showIndicesScale = 0.001
/segment1/segment1State.showColor = 0 0 0 1
/pump1/pump1State.showIndices = 1
/pump1/pump1State.showObject = 1
/pump1/pump1State.showColor = 1 0 0 1
/pump1/pump1State.showIndicesScale = 0.001

--- NEW SESSION: 09/02/2023 14:49:42 ---
/segment0/segment0State.showObject = 1
/segment0/segment0State.showColor = 1 1 1 1
/segment0/segment0State.showIndicesScale = 0.001
/segment0/segment0State.showColor = 1 1 1 1
/segment0/segment0State.showIndices = 1
/segment0/segment0State.showObject = 1
/segment0/segment0State.showColor = 1 0 0 1
/segment0/segment0State.showIndices = 1
/segment0/segment0State.showIndicesScale = 0.001
